<?xml version="1.0" encoding="UTF-8"?>
<!-- Generated by org.testng.reporters.JUnitReportReporter -->
<testsuite hostname="LTIN486613" failures="0" tests="9" name="testCases.TC_001_WhereToGo" time="19.021" errors="0" timestamp="2024-04-09T11:11:38 IST" skipped="0">
  <testcase classname="testCases.TC_001_WhereToGo" name="click_where2Go" time="0.106"/>
  <testcase classname="testCases.TC_001_WhereToGo" name="the_user_navigated_to_where2Go_page" time="0.009"/>
  <testcase classname="testCases.TC_001_WhereToGo" name="click_trekkingHotspots" time="8.707"/>
  <testcase classname="testCases.TC_001_WhereToGo" name="the_user_navigated_to_trekDestination" time="0.008"/>
  <testcase classname="testCases.TC_001_WhereToGo" name="selectCity" time="1.146"/>
  <testcase classname="testCases.TC_001_WhereToGo" name="set_Travel_Duration" time="2.976"/>
  <testcase classname="testCases.TC_001_WhereToGo" name="setCity" time="2.524"/>
  <testcase classname="testCases.TC_001_WhereToGo" name="printPlacePrice" time="3.480"/>
  <testcase classname="testCases.TC_001_WhereToGo" name="navigateToHomePage" time="0.065"/>
</testsuite> <!-- testCases.TC_001_WhereToGo -->
