<?xml version="1.0" encoding="UTF-8"?>
<!-- Generated by org.testng.reporters.JUnitReportReporter -->
<testsuite hostname="LTIN486613" failures="0" tests="8" name="testCases.TC_002__HolidayPackage" time="57.820" errors="0" timestamp="2024-04-09T11:11:38 IST" skipped="0">
  <testcase classname="testCases.TC_002__HolidayPackage" name="navigate_to_HolidayPage" time="0.090"/>
  <testcase classname="testCases.TC_002__HolidayPackage" name="click_opt_Explore_Europe" time="0.465"/>
  <testcase classname="testCases.TC_002__HolidayPackage" name="click_opt_Italy" time="0.074"/>
  <testcase classname="testCases.TC_002__HolidayPackage" name="verifyPage" time="2.525"/>
  <testcase classname="testCases.TC_002__HolidayPackage" name="close_Popup_If_Display" time="10.064"/>
  <testcase classname="testCases.TC_002__HolidayPackage" name="click_opt_AllPackages" time="0.092"/>
  <testcase classname="testCases.TC_002__HolidayPackage" name="select_all_Packages" time="44.432"/>
  <testcase classname="testCases.TC_002__HolidayPackage" name="navigate_to_home_Page" time="0.078"/>
</testsuite> <!-- testCases.TC_002__HolidayPackage -->
