<?xml version="1.0" encoding="UTF-8"?>
<!-- Generated by org.testng.reporters.JUnitReportReporter -->
<testsuite hostname="LTIN486613" failures="0" tests="6" name="testRunner.TestRunner" time="161.400" errors="0" timestamp="2024-04-09T11:11:38 IST" skipped="0">
  <testcase classname="testRunner.TestRunner" name="runScenario" time="22.003"/>
  <testcase classname="testRunner.TestRunner" name="runScenario" time="26.687"/>
  <testcase classname="testRunner.TestRunner" name="runScenario" time="20.273"/>
  <testcase classname="testRunner.TestRunner" name="runScenario" time="23.808"/>
  <testcase classname="testRunner.TestRunner" name="runScenario" time="45.690"/>
  <testcase classname="testRunner.TestRunner" name="runScenario" time="22.939"/>
</testsuite> <!-- testRunner.TestRunner -->
